mode: set
github.com/thrisp/engine/error.go:40.63,42.2 1 0
github.com/thrisp/engine/error.go:44.38,46.2 1 0
github.com/thrisp/engine/error.go:48.49,49.17 1 1
github.com/thrisp/engine/error.go:52.2,53.24 2 0
github.com/thrisp/engine/error.go:58.2,58.15 1 0
github.com/thrisp/engine/error.go:49.17,51.3 1 1
github.com/thrisp/engine/error.go:53.24,54.23 1 0
github.com/thrisp/engine/error.go:54.23,56.4 1 0
github.com/thrisp/engine/error.go:61.36,62.17 1 0
github.com/thrisp/engine/error.go:65.2,67.24 3 0
github.com/thrisp/engine/error.go:71.2,71.24 1 0
github.com/thrisp/engine/error.go:62.17,64.3 1 0
github.com/thrisp/engine/error.go:67.24,70.3 2 0
github.com/thrisp/engine/error.go:75.29,81.23 4 0
github.com/thrisp/engine/error.go:98.2,98.20 1 0
github.com/thrisp/engine/error.go:81.23,83.10 2 0
github.com/thrisp/engine/error.go:87.3,88.23 2 0
github.com/thrisp/engine/error.go:96.3,96.68 1 0
github.com/thrisp/engine/error.go:83.10,84.9 1 0
github.com/thrisp/engine/error.go:88.23,90.18 2 0
github.com/thrisp/engine/error.go:93.4,94.19 2 0
github.com/thrisp/engine/error.go:90.18,91.13 1 0
github.com/thrisp/engine/error.go:102.43,104.30 2 0
github.com/thrisp/engine/error.go:107.2,107.34 1 0
github.com/thrisp/engine/error.go:104.30,106.3 1 0
github.com/thrisp/engine/error.go:111.34,113.15 2 0
github.com/thrisp/engine/error.go:116.2,125.63 2 0
github.com/thrisp/engine/error.go:128.2,128.51 1 0
github.com/thrisp/engine/error.go:131.2,132.13 2 0
github.com/thrisp/engine/error.go:113.15,115.3 1 0
github.com/thrisp/engine/error.go:125.63,127.3 1 0
github.com/thrisp/engine/error.go:128.51,130.3 1 0
github.com/thrisp/engine/httpstatus.go:64.58,68.2 3 1
github.com/thrisp/engine/httpstatus.go:70.36,72.2 1 0
github.com/thrisp/engine/httpstatus.go:74.38,75.22 1 1
github.com/thrisp/engine/httpstatus.go:75.22,77.3 1 1
github.com/thrisp/engine/httpstatus.go:80.37,81.22 1 1
github.com/thrisp/engine/httpstatus.go:81.22,82.22 1 1
github.com/thrisp/engine/httpstatus.go:82.22,83.27 1 1
github.com/thrisp/engine/httpstatus.go:83.27,86.5 2 0
github.com/thrisp/engine/httpstatus.go:86.6,88.5 1 1
github.com/thrisp/engine/httpstatus.go:93.38,95.2 1 0
github.com/thrisp/engine/httpstatus.go:99.49,103.25 4 1
github.com/thrisp/engine/httpstatus.go:106.2,108.19 3 1
github.com/thrisp/engine/httpstatus.go:103.25,105.3 1 1
github.com/thrisp/engine/httpstatus.go:111.41,126.2 14 1
github.com/thrisp/engine/httpstatus.go:131.26,134.27 3 1
github.com/thrisp/engine/httpstatus.go:158.2,158.25 1 1
github.com/thrisp/engine/httpstatus.go:134.27,137.26 3 0
github.com/thrisp/engine/httpstatus.go:137.26,142.19 5 0
github.com/thrisp/engine/httpstatus.go:154.4,155.26 2 0
github.com/thrisp/engine/httpstatus.go:142.19,145.22 3 0
github.com/thrisp/engine/httpstatus.go:150.5,150.19 1 0
github.com/thrisp/engine/httpstatus.go:145.22,147.6 1 0
github.com/thrisp/engine/httpstatus.go:147.7,149.6 1 0
github.com/thrisp/engine/httpstatus.go:150.19,151.11 1 0
github.com/thrisp/engine/httpstatus.go:158.25,162.3 3 1
github.com/thrisp/engine/httpstatus.go:166.43,168.2 1 1
github.com/thrisp/engine/configuration.go:24.26,33.2 1 1
github.com/thrisp/engine/configuration.go:35.46,36.27 1 1
github.com/thrisp/engine/configuration.go:41.2,41.12 1 1
github.com/thrisp/engine/configuration.go:36.27,37.32 1 1
github.com/thrisp/engine/configuration.go:37.32,39.4 1 0
github.com/thrisp/engine/configuration.go:44.30,45.31 1 1
github.com/thrisp/engine/configuration.go:45.31,47.3 1 1
github.com/thrisp/engine/configuration.go:50.41,51.31 1 1
github.com/thrisp/engine/configuration.go:51.31,53.3 1 1
github.com/thrisp/engine/configuration.go:56.37,57.31 1 1
github.com/thrisp/engine/configuration.go:57.31,59.3 1 1
github.com/thrisp/engine/configuration.go:62.30,63.31 1 1
github.com/thrisp/engine/configuration.go:63.31,65.3 1 1
github.com/thrisp/engine/configuration.go:70.33,71.31 1 1
github.com/thrisp/engine/configuration.go:71.31,75.3 3 1
github.com/thrisp/engine/configuration.go:79.29,80.31 1 1
github.com/thrisp/engine/configuration.go:80.31,83.3 2 1
github.com/thrisp/engine/configuration.go:86.37,87.31 1 1
github.com/thrisp/engine/configuration.go:87.31,89.3 1 1
github.com/thrisp/engine/configuration.go:92.39,95.2 2 1
github.com/thrisp/engine/configuration.go:97.59,99.2 1 1
github.com/thrisp/engine/configuration.go:101.65,103.16 2 1
github.com/thrisp/engine/configuration.go:107.2,107.71 1 0
github.com/thrisp/engine/configuration.go:103.16,106.3 2 1
github.com/thrisp/engine/configuration.go:110.63,112.16 2 1
github.com/thrisp/engine/configuration.go:116.2,116.71 1 0
github.com/thrisp/engine/configuration.go:112.16,115.3 2 1
github.com/thrisp/engine/engine.go:30.22,32.2 1 1
github.com/thrisp/engine/engine.go:36.52,45.16 9 1
github.com/thrisp/engine/engine.go:48.2,48.20 1 1
github.com/thrisp/engine/engine.go:45.16,47.3 1 0
github.com/thrisp/engine/engine.go:52.54,55.16 3 1
github.com/thrisp/engine/engine.go:58.2,58.20 1 1
github.com/thrisp/engine/engine.go:55.16,57.3 1 0
github.com/thrisp/engine/engine.go:62.63,63.20 1 1
github.com/thrisp/engine/engine.go:67.2,67.20 1 1
github.com/thrisp/engine/engine.go:71.2,72.17 2 1
github.com/thrisp/engine/engine.go:77.2,77.24 1 1
github.com/thrisp/engine/engine.go:63.20,65.3 1 1
github.com/thrisp/engine/engine.go:67.20,69.3 1 1
github.com/thrisp/engine/engine.go:72.17,75.3 2 1
github.com/thrisp/engine/engine.go:81.69,83.16 1 1
github.com/thrisp/engine/engine.go:83.16,85.4 1 1
github.com/thrisp/engine/engine.go:90.77,92.16 1 1
github.com/thrisp/engine/engine.go:92.16,94.4 1 1
github.com/thrisp/engine/engine.go:99.69,100.42 1 1
github.com/thrisp/engine/engine.go:103.2,103.24 1 1
github.com/thrisp/engine/engine.go:100.42,102.3 1 1
github.com/thrisp/engine/engine.go:119.64,120.59 1 1
github.com/thrisp/engine/engine.go:124.2,126.37 2 1
github.com/thrisp/engine/engine.go:120.59,122.3 1 1
github.com/thrisp/engine/engine.go:126.37,129.3 2 1
github.com/thrisp/engine/engine.go:133.31,134.34 1 1
github.com/thrisp/engine/engine.go:134.34,138.3 3 0
github.com/thrisp/engine/engine.go:142.32,144.2 1 1
github.com/thrisp/engine/engine.go:147.81,149.51 2 1
github.com/thrisp/engine/engine.go:188.2,189.8 2 1
github.com/thrisp/engine/engine.go:149.51,151.60 2 1
github.com/thrisp/engine/engine.go:151.60,155.4 3 1
github.com/thrisp/engine/engine.go:155.5,155.52 1 0
github.com/thrisp/engine/engine.go:155.52,157.27 2 0
github.com/thrisp/engine/engine.go:163.4,163.43 1 0
github.com/thrisp/engine/engine.go:174.4,174.32 1 0
github.com/thrisp/engine/engine.go:157.27,161.5 1 0
github.com/thrisp/engine/engine.go:163.43,164.33 1 0
github.com/thrisp/engine/engine.go:169.5,170.11 2 0
github.com/thrisp/engine/engine.go:164.33,166.6 1 0
github.com/thrisp/engine/engine.go:166.7,168.6 1 0
github.com/thrisp/engine/engine.go:174.32,179.14 2 0
github.com/thrisp/engine/engine.go:179.14,183.6 3 0
github.com/thrisp/engine/engine.go:193.75,197.2 3 1
github.com/thrisp/engine/engine.go:199.40,200.58 1 0
github.com/thrisp/engine/engine.go:200.58,202.3 1 0
github.com/thrisp/engine/response_writer.go:35.60,39.2 3 1
github.com/thrisp/engine/response_writer.go:41.48,42.14 1 1
github.com/thrisp/engine/response_writer.go:42.14,44.18 2 1
github.com/thrisp/engine/response_writer.go:44.18,46.4 1 0
github.com/thrisp/engine/response_writer.go:50.43,51.18 1 1
github.com/thrisp/engine/response_writer.go:51.18,54.3 2 1
github.com/thrisp/engine/response_writer.go:57.64,62.2 4 1
github.com/thrisp/engine/response_writer.go:64.39,66.2 1 1
github.com/thrisp/engine/response_writer.go:68.37,70.2 1 0
github.com/thrisp/engine/response_writer.go:72.41,74.2 1 1
github.com/thrisp/engine/response_writer.go:77.72,79.9 2 0
github.com/thrisp/engine/response_writer.go:82.2,82.26 1 0
github.com/thrisp/engine/response_writer.go:79.9,81.3 1 0
github.com/thrisp/engine/response_writer.go:86.52,88.2 1 0
github.com/thrisp/engine/response_writer.go:91.34,93.8 2 0
github.com/thrisp/engine/response_writer.go:93.8,95.3 1 0
github.com/thrisp/engine/router.go:42.45,43.20 1 1
github.com/thrisp/engine/router.go:48.2,48.11 1 1
github.com/thrisp/engine/router.go:43.20,44.24 1 1
github.com/thrisp/engine/router.go:44.24,46.4 1 1
github.com/thrisp/engine/router.go:51.24,52.12 1 1
github.com/thrisp/engine/router.go:55.2,55.10 1 1
github.com/thrisp/engine/router.go:52.12,54.3 1 1
github.com/thrisp/engine/router.go:58.37,60.33 2 1
github.com/thrisp/engine/router.go:66.2,66.14 1 1
github.com/thrisp/engine/router.go:69.2,69.17 1 1
github.com/thrisp/engine/router.go:60.33,61.39 1 1
github.com/thrisp/engine/router.go:64.3,64.6 1 1
github.com/thrisp/engine/router.go:61.39,62.12 1 1
github.com/thrisp/engine/router.go:66.14,68.3 1 1
github.com/thrisp/engine/router.go:73.46,78.63 3 1
github.com/thrisp/engine/router.go:89.2,89.10 1 1
github.com/thrisp/engine/router.go:78.63,88.3 7 1
github.com/thrisp/engine/router.go:94.53,99.44 3 1
github.com/thrisp/engine/router.go:99.44,101.7 1 1
github.com/thrisp/engine/router.go:101.7,103.31 1 1
github.com/thrisp/engine/router.go:110.4,111.81 2 1
github.com/thrisp/engine/router.go:115.4,115.23 1 1
github.com/thrisp/engine/router.go:140.4,140.21 1 1
github.com/thrisp/engine/router.go:201.4,201.10 1 1
github.com/thrisp/engine/router.go:103.31,105.5 1 1
github.com/thrisp/engine/router.go:111.81,112.5 0 1
github.com/thrisp/engine/router.go:115.23,126.35 2 1
github.com/thrisp/engine/router.go:132.5,136.24 5 1
github.com/thrisp/engine/router.go:126.35,127.55 1 1
github.com/thrisp/engine/router.go:127.55,129.7 1 1
github.com/thrisp/engine/router.go:140.21,143.20 2 1
github.com/thrisp/engine/router.go:164.5,167.61 2 1
github.com/thrisp/engine/router.go:174.5,174.37 1 1
github.com/thrisp/engine/router.go:183.5,183.29 1 1
github.com/thrisp/engine/router.go:192.5,193.11 2 1
github.com/thrisp/engine/router.go:143.20,148.33 3 1
github.com/thrisp/engine/router.go:151.6,154.66 2 1
github.com/thrisp/engine/router.go:161.6,161.43 1 1
github.com/thrisp/engine/router.go:148.33,150.7 1 1
github.com/thrisp/engine/router.go:154.66,156.63 1 1
github.com/thrisp/engine/router.go:156.63,157.21 1 1
github.com/thrisp/engine/router.go:167.61,170.19 3 1
github.com/thrisp/engine/router.go:174.37,175.20 1 1
github.com/thrisp/engine/router.go:175.20,178.20 3 1
github.com/thrisp/engine/router.go:183.29,191.6 5 1
github.com/thrisp/engine/router.go:195.6,195.29 1 1
github.com/thrisp/engine/router.go:195.29,196.24 1 1
github.com/thrisp/engine/router.go:199.5,199.22 1 1
github.com/thrisp/engine/router.go:196.24,198.6 1 1
github.com/thrisp/engine/router.go:203.4,205.3 1 1
github.com/thrisp/engine/router.go:208.73,212.49 2 1
github.com/thrisp/engine/router.go:308.2,309.19 2 1
github.com/thrisp/engine/router.go:212.49,214.27 2 1
github.com/thrisp/engine/router.go:220.3,220.26 1 1
github.com/thrisp/engine/router.go:225.3,226.37 2 1
github.com/thrisp/engine/router.go:230.3,230.16 1 1
github.com/thrisp/engine/router.go:234.3,234.15 1 1
github.com/thrisp/engine/router.go:214.27,215.12 1 1
github.com/thrisp/engine/router.go:220.26,222.4 1 1
github.com/thrisp/engine/router.go:226.37,228.4 1 1
github.com/thrisp/engine/router.go:230.16,232.4 1 1
github.com/thrisp/engine/router.go:234.15,236.13 1 1
github.com/thrisp/engine/router.go:241.4,253.17 7 1
github.com/thrisp/engine/router.go:236.13,239.5 2 1
github.com/thrisp/engine/router.go:253.17,263.5 5 1
github.com/thrisp/engine/router.go:265.5,266.35 1 1
github.com/thrisp/engine/router.go:270.4,270.55 1 1
github.com/thrisp/engine/router.go:275.4,276.22 2 1
github.com/thrisp/engine/router.go:280.4,303.10 9 1
github.com/thrisp/engine/router.go:266.35,268.5 1 1
github.com/thrisp/engine/router.go:270.55,272.5 1 1
github.com/thrisp/engine/router.go:276.22,278.5 1 1
github.com/thrisp/engine/router.go:317.74,319.6 1 1
github.com/thrisp/engine/router.go:319.6,320.30 1 1
github.com/thrisp/engine/router.go:428.3,431.9 2 1
github.com/thrisp/engine/router.go:320.30,321.36 1 1
github.com/thrisp/engine/router.go:321.36,326.21 2 1
github.com/thrisp/engine/router.go:344.5,345.20 2 1
github.com/thrisp/engine/router.go:326.21,328.38 2 1
github.com/thrisp/engine/router.go:338.6,339.12 2 1
github.com/thrisp/engine/router.go:328.38,329.21 1 1
github.com/thrisp/engine/router.go:329.21,331.21 2 1
github.com/thrisp/engine/router.go:346.5,349.46 2 1
github.com/thrisp/engine/router.go:354.6,354.18 1 1
github.com/thrisp/engine/router.go:358.6,364.25 5 1
github.com/thrisp/engine/router.go:376.6,376.42 1 1
github.com/thrisp/engine/router.go:385.6,385.12 1 1
github.com/thrisp/engine/router.go:387.5,389.18 1 1
github.com/thrisp/engine/router.go:393.6,399.12 6 1
github.com/thrisp/engine/router.go:401.5,402.32 1 0
github.com/thrisp/engine/router.go:349.46,351.7 1 1
github.com/thrisp/engine/router.go:354.18,357.7 1 1
github.com/thrisp/engine/router.go:364.25,365.30 1 1
github.com/thrisp/engine/router.go:372.7,373.13 2 1
github.com/thrisp/engine/router.go:365.30,368.21 3 1
github.com/thrisp/engine/router.go:376.42,378.7 1 1
github.com/thrisp/engine/router.go:378.8,378.37 1 1
github.com/thrisp/engine/router.go:378.37,383.7 2 1
github.com/thrisp/engine/router.go:389.18,392.7 1 1
github.com/thrisp/engine/router.go:405.5,405.28 1 1
github.com/thrisp/engine/router.go:405.28,408.40 1 1
github.com/thrisp/engine/router.go:414.4,414.36 1 1
github.com/thrisp/engine/router.go:423.4,423.10 1 1
github.com/thrisp/engine/router.go:408.40,410.5 1 1
github.com/thrisp/engine/router.go:414.36,415.21 1 1
github.com/thrisp/engine/router.go:415.21,420.6 3 1
github.com/thrisp/engine/router.go:439.104,443.97 2 1
github.com/thrisp/engine/router.go:543.2,543.22 1 1
github.com/thrisp/engine/router.go:553.2,553.8 1 1
github.com/thrisp/engine/router.go:443.97,447.20 3 1
github.com/thrisp/engine/router.go:447.20,451.20 1 1
github.com/thrisp/engine/router.go:451.20,453.37 2 1
github.com/thrisp/engine/router.go:466.5,467.11 2 1
github.com/thrisp/engine/router.go:453.37,456.43 1 1
github.com/thrisp/engine/router.go:456.43,458.16 2 1
github.com/thrisp/engine/router.go:458.16,460.8 1 1
github.com/thrisp/engine/router.go:469.6,472.20 2 1
github.com/thrisp/engine/router.go:473.5,476.42 2 1
github.com/thrisp/engine/router.go:481.6,484.23 2 1
github.com/thrisp/engine/router.go:497.6,497.25 1 1
github.com/thrisp/engine/router.go:507.6,507.12 1 1
github.com/thrisp/engine/router.go:509.5,510.42 1 1
github.com/thrisp/engine/router.go:512.5,513.32 1 0
github.com/thrisp/engine/router.go:476.42,478.7 1 1
github.com/thrisp/engine/router.go:484.23,485.30 1 1
github.com/thrisp/engine/router.go:485.30,488.16 3 1
github.com/thrisp/engine/router.go:489.9,490.48 1 1
github.com/thrisp/engine/router.go:493.8,493.14 1 1
github.com/thrisp/engine/router.go:490.48,492.9 1 1
github.com/thrisp/engine/router.go:497.25,499.7 1 1
github.com/thrisp/engine/router.go:499.8,499.57 1 1
github.com/thrisp/engine/router.go:499.57,503.43 2 1
github.com/thrisp/engine/router.go:503.43,505.8 1 1
github.com/thrisp/engine/router.go:516.5,519.23 1 1
github.com/thrisp/engine/router.go:525.4,525.24 1 1
github.com/thrisp/engine/router.go:537.4,537.10 1 1
github.com/thrisp/engine/router.go:519.23,521.5 1 1
github.com/thrisp/engine/router.go:525.24,526.37 1 1
github.com/thrisp/engine/router.go:526.37,527.22 1 1
github.com/thrisp/engine/router.go:527.22,530.61 2 1
github.com/thrisp/engine/router.go:533.7,533.13 1 1
github.com/thrisp/engine/router.go:530.61,532.8 1 1
github.com/thrisp/engine/router.go:543.22,544.18 1 1
github.com/thrisp/engine/router.go:547.3,549.20 1 1
github.com/thrisp/engine/router.go:544.18,546.4 1 1
github.com/thrisp/engine/router.go:549.20,551.4 1 1
github.com/thrisp/engine/signals.go:25.29,26.12 1 0
github.com/thrisp/engine/signals.go:26.12,27.30 1 0
github.com/thrisp/engine/signals.go:27.30,29.4 1 0
github.com/thrisp/engine/signals.go:34.42,35.17 1 1
github.com/thrisp/engine/signals.go:35.17,37.3 1 1
github.com/thrisp/engine/signals.go:41.47,45.2 2 0
github.com/thrisp/engine/signals.go:48.39,50.2 1 1
github.com/thrisp/engine/signals.go:53.53,54.12 1 1
github.com/thrisp/engine/signals.go:54.12,55.35 1 1
github.com/thrisp/engine/signals.go:55.35,57.4 1 1
github.com/thrisp/engine/signals.go:57.5,59.4 1 1
github.com/thrisp/engine/signals.go:63.41,69.2 5 1
github.com/thrisp/engine/utils.go:14.43,15.9 1 1
github.com/thrisp/engine/utils.go:25.2,25.14 1 1
github.com/thrisp/engine/utils.go:16.2,17.16 1 1
github.com/thrisp/engine/utils.go:18.2,19.16 1 0
github.com/thrisp/engine/utils.go:20.2,21.17 1 1
github.com/thrisp/engine/utils.go:22.2,23.14 1 0
github.com/thrisp/engine/utils.go:28.48,29.9 1 1
github.com/thrisp/engine/utils.go:45.2,45.14 1 1
github.com/thrisp/engine/utils.go:30.2,31.15 1 1
github.com/thrisp/engine/utils.go:32.2,33.15 1 1
github.com/thrisp/engine/utils.go:34.2,35.17 1 1
github.com/thrisp/engine/utils.go:36.2,37.14 1 1
github.com/thrisp/engine/utils.go:38.2,39.16 1 1
github.com/thrisp/engine/utils.go:40.2,41.18 1 1
github.com/thrisp/engine/utils.go:42.2,43.16 1 1
github.com/thrisp/engine/utils.go:61.33,63.13 1 0
github.com/thrisp/engine/utils.go:67.2,78.17 5 0
github.com/thrisp/engine/utils.go:84.2,90.12 2 0
github.com/thrisp/engine/utils.go:141.2,141.23 1 0
github.com/thrisp/engine/utils.go:146.2,146.16 1 0
github.com/thrisp/engine/utils.go:149.2,149.24 1 0
github.com/thrisp/engine/utils.go:63.13,65.3 1 0
github.com/thrisp/engine/utils.go:78.17,82.3 3 0
github.com/thrisp/engine/utils.go:90.12,91.10 1 0
github.com/thrisp/engine/utils.go:92.3,94.7 1 0
github.com/thrisp/engine/utils.go:96.3,98.7 2 0
github.com/thrisp/engine/utils.go:100.3,102.7 1 0
github.com/thrisp/engine/utils.go:104.3,108.13 2 0
github.com/thrisp/engine/utils.go:123.3,126.13 1 0
github.com/thrisp/engine/utils.go:132.4,132.29 1 0
github.com/thrisp/engine/utils.go:108.13,112.19 2 0
github.com/thrisp/engine/utils.go:112.19,113.31 1 0
github.com/thrisp/engine/utils.go:113.31,115.7 1 0
github.com/thrisp/engine/utils.go:116.7,117.33 1 0
github.com/thrisp/engine/utils.go:117.33,119.7 1 0
github.com/thrisp/engine/utils.go:126.13,129.5 2 0
github.com/thrisp/engine/utils.go:132.29,136.5 3 0
github.com/thrisp/engine/utils.go:141.23,144.3 2 0
github.com/thrisp/engine/utils.go:146.16,148.3 1 0
github.com/thrisp/engine/utils.go:153.51,154.17 1 0
github.com/thrisp/engine/utils.go:162.2,162.15 1 0
github.com/thrisp/engine/utils.go:154.17,155.16 1 0
github.com/thrisp/engine/utils.go:159.3,160.20 2 0
github.com/thrisp/engine/utils.go:155.16,157.4 1 0
github.com/thrisp/engine/context.go:39.48,43.2 3 1
github.com/thrisp/engine/context.go:45.81,54.2 8 1
github.com/thrisp/engine/context.go:56.42,58.22 2 1
github.com/thrisp/engine/context.go:61.2,68.21 8 1
github.com/thrisp/engine/context.go:58.22,60.3 1 1
github.com/thrisp/engine/context.go:71.27,74.36 3 1
github.com/thrisp/engine/context.go:74.36,76.3 1 0
github.com/thrisp/engine/context.go:79.67,85.2 1 0
github.com/thrisp/engine/context.go:89.50,91.2 1 0
github.com/thrisp/engine/context.go:94.33,96.11 2 0
github.com/thrisp/engine/context.go:96.11,98.3 1 0
github.com/thrisp/engine/context.go:98.4,100.3 1 0
github.com/thrisp/engine/context.go:104.31,105.15 1 0
github.com/thrisp/engine/context.go:105.15,107.3 1 0
github.com/thrisp/engine/context.go:116.41,119.2 2 0
github.com/thrisp/engine/context.go:123.32,124.50 1 1
github.com/thrisp/engine/context.go:124.50,126.26 2 1
github.com/thrisp/engine/context.go:126.26,128.4 1 1
github.com/thrisp/engine/context.go:132.28,134.2 1 1
github.com/thrisp/engine/context.go:136.27,138.2 1 1
github.com/thrisp/engine/context.go:140.49,143.21 2 1
github.com/thrisp/engine/context.go:147.2,147.21 1 1
github.com/thrisp/engine/context.go:151.2,151.21 1 1
github.com/thrisp/engine/context.go:143.21,145.3 1 1
github.com/thrisp/engine/context.go:147.21,149.3 1 1
github.com/thrisp/engine/context.go:154.44,156.2 1 1
github.com/thrisp/engine/context.go:158.70,165.2 6 1
github.com/thrisp/engine/context.go:167.33,169.2 1 1
github.com/thrisp/engine/context.go:171.36,179.2 1 1
github.com/thrisp/engine/group.go:16.49,19.79 2 1
github.com/thrisp/engine/group.go:22.2,22.15 1 1
github.com/thrisp/engine/group.go:19.79,21.3 1 0
github.com/thrisp/engine/group.go:26.53,27.52 1 1
github.com/thrisp/engine/group.go:27.52,29.3 1 0
github.com/thrisp/engine/group.go:29.4,35.3 3 1
github.com/thrisp/engine/group.go:41.50,46.2 4 1
github.com/thrisp/engine/group.go:50.73,51.65 1 1
github.com/thrisp/engine/group.go:51.65,54.3 2 1
